<?xml version="1.0" encoding="UTF-8"?>
<robot generator="Robot 6.1.1 (Python 3.11.9 on linux)" generated="20250602 14:21:48.823" rpa="false" schemaversion="4">
<suite id="s1" name="Line-Vty-Rfs" source="/nso/run/packages/line-vty-rfs/tests/line-vty-rfs.robot">
<kw name="Set my HTTP Request Header" type="SETUP">
<doc>Set the headers for NSO REST requests</doc>
<kw name="Set Headers" library="REST">
<arg>{ "Authorization": "Basic YWRtaW46YWRtaW4="}</arg>
<tag>settings</tag>
<doc>*Sets new request headers or updates the existing.*</doc>
<status status="PASS" starttime="20250602 14:21:48.942" endtime="20250602 14:21:48.942"/>
</kw>
<kw name="Set Headers" library="REST">
<arg>{ "Accept": "application/yang-data+json"}</arg>
<tag>settings</tag>
<doc>*Sets new request headers or updates the existing.*</doc>
<status status="PASS" starttime="20250602 14:21:48.942" endtime="20250602 14:21:48.942"/>
</kw>
<kw name="Set Headers" library="REST">
<arg>{ "Content-type": "application/yang-data+json"}</arg>
<tag>settings</tag>
<doc>*Sets new request headers or updates the existing.*</doc>
<status status="PASS" starttime="20250602 14:21:48.942" endtime="20250602 14:21:48.942"/>
</kw>
<status status="PASS" starttime="20250602 14:21:48.942" endtime="20250602 14:21:48.942"/>
</kw>
<test id="s1-t1" name="Create line-template-vty-router-rfs" line="19">
<kw name="Get File" library="OperatingSystem">
<var>${create_acl_payload}</var>
<arg>input_create.json</arg>
<doc>Returns the contents of a specified file.</doc>
<msg timestamp="20250602 14:21:48.943" level="INFO" html="true">Getting file '&lt;a href="file:///nso/run/packages/line-vty-rfs/tests/input_create.json"&gt;/nso/run/packages/line-vty-rfs/tests/input_create.json&lt;/a&gt;'.</msg>
<msg timestamp="20250602 14:21:48.943" level="INFO">${create_acl_payload} = {
    "line-vty-rfs:line-template-vty-line-vty-rfs": [
      {
        "device": "ciscolive-iosxr-dummy-02",
        "line-template": [
          {
            "name": "test_vty_01",
            "ip-g...</msg>
<status status="PASS" starttime="20250602 14:21:48.943" endtime="20250602 14:21:48.943"/>
</kw>
<kw name="Log" library="BuiltIn">
<arg>${create_acl_payload}</arg>
<doc>Logs the given message with the given level.</doc>
<msg timestamp="20250602 14:21:48.943" level="INFO">{
    "line-vty-rfs:line-template-vty-line-vty-rfs": [
      {
        "device": "ciscolive-iosxr-dummy-02",
        "line-template": [
          {
            "name": "test_vty_01",
            "ip-group": "vty01",
            "session-timeout": "5",
            "exec-timeout": "10",
            "transport-input": "ssh",
            "transport-output": "telnet"
          }
        ]
      }
    ]
  }</msg>
<status status="PASS" starttime="20250602 14:21:48.943" endtime="20250602 14:21:48.943"/>
</kw>
<kw name="PATCH" library="REST">
<var>${result}</var>
<arg>${url_acl_service}</arg>
<arg>${create_acl_payload}</arg>
<tag>http</tag>
<doc>*Sends a PATCH request to the endpoint.*</doc>
<msg timestamp="20250602 14:21:49.375" level="INFO">/usr/local/lib/python3.11/site-packages/tzlocal/unix.py:207: UserWarning: Can not find any timezone configuration, defaulting to UTC.
  warnings.warn("Can not find any timezone configuration, defaulting to UTC.")</msg>
<msg timestamp="20250602 14:21:49.375" level="INFO">${result} = {'seconds': 0.424938, 'status': 204, 'reason': 'No Content', 'body': '', 'headers': {'Date': 'Mon, 02 Jun 2025 14:21:48 GMT', 'Last-Modified': 'Mon, 02 Jun 2025 14:21:49 GMT', 'Cache-Control': 'privat...</msg>
<status status="PASS" starttime="20250602 14:21:48.943" endtime="20250602 14:21:49.375"/>
</kw>
<kw name="Run" library="OperatingSystem">
<var>${acl_cdb}</var>
<arg>echo 'show running-config devices device ${test_device_container} config line template' | ncs_cli -Cu admin</arg>
<doc>Runs the given command in the system and returns the output.</doc>
<msg timestamp="20250602 14:21:49.375" level="INFO">Running command 'echo 'show running-config devices device ciscolive-iosxr-dummy-02 config line template' | ncs_cli -Cu admin 2&gt;&amp;1'.</msg>
<msg timestamp="20250602 14:21:49.445" level="INFO">${acl_cdb} = devices device ciscolive-iosxr-dummy-02
 config
  line template test_vty_01
   access-class ingress vty01
   transport input ssh
   transport output telnet
   exec-timeout 10
   session-timeout 5
  ex...</msg>
<status status="PASS" starttime="20250602 14:21:49.375" endtime="20250602 14:21:49.445"/>
</kw>
<kw name="Get File" library="OperatingSystem">
<var>${acl_expected}</var>
<arg>expected_create.txt</arg>
<doc>Returns the contents of a specified file.</doc>
<msg timestamp="20250602 14:21:49.445" level="INFO" html="true">Getting file '&lt;a href="file:///nso/run/packages/line-vty-rfs/tests/expected_create.txt"&gt;/nso/run/packages/line-vty-rfs/tests/expected_create.txt&lt;/a&gt;'.</msg>
<msg timestamp="20250602 14:21:49.446" level="INFO">${acl_expected} = devices device ciscolive-iosxr-dummy-02
 config
  line template test_vty_01
   access-class ingress vty01
   transport input ssh
   transport output telnet
   exec-timeout 10
   session-timeout 5
  ex...</msg>
<status status="PASS" starttime="20250602 14:21:49.445" endtime="20250602 14:21:49.446"/>
</kw>
<kw name="Should Be Equal As Strings" library="BuiltIn">
<arg>${acl_cdb}</arg>
<arg>${acl_expected}</arg>
<doc>Fails if objects are unequal after converting them to strings.</doc>
<status status="PASS" starttime="20250602 14:21:49.446" endtime="20250602 14:21:49.446"/>
</kw>
<doc>Create a new line-template-vty-router-rfs entry</doc>
<status status="PASS" starttime="20250602 14:21:48.942" endtime="20250602 14:21:49.446"/>
</test>
<test id="s1-t2" name="Change line-template-vty-router-rfs" line="28">
<kw name="Get File" library="OperatingSystem">
<var>${create_acl_payload}</var>
<arg>input_change.json</arg>
<doc>Returns the contents of a specified file.</doc>
<msg timestamp="20250602 14:21:49.446" level="INFO" html="true">Getting file '&lt;a href="file:///nso/run/packages/line-vty-rfs/tests/input_change.json"&gt;/nso/run/packages/line-vty-rfs/tests/input_change.json&lt;/a&gt;'.</msg>
<msg timestamp="20250602 14:21:49.447" level="INFO">${create_acl_payload} = {
    "line-vty-rfs:line-template-vty-line-vty-rfs": [
      {
        "device": "ciscolive-iosxr-dummy-02",
        "line-template": [
          {
            "name": "test_vty_01",
            "ip-g...</msg>
<status status="PASS" starttime="20250602 14:21:49.446" endtime="20250602 14:21:49.447"/>
</kw>
<kw name="Log" library="BuiltIn">
<arg>${create_acl_payload}</arg>
<doc>Logs the given message with the given level.</doc>
<msg timestamp="20250602 14:21:49.447" level="INFO">{
    "line-vty-rfs:line-template-vty-line-vty-rfs": [
      {
        "device": "ciscolive-iosxr-dummy-02",
        "line-template": [
          {
            "name": "test_vty_01",
            "ip-group": "vty01",
            "session-timeout": "5",
            "exec-timeout": "20",
            "transport-input": "ssh",
            "transport-output": "ssh"
          }
        ]
      }
    ]
  }</msg>
<status status="PASS" starttime="20250602 14:21:49.447" endtime="20250602 14:21:49.447"/>
</kw>
<kw name="PATCH" library="REST">
<var>${result}</var>
<arg>${url_acl_service}</arg>
<arg>${create_acl_payload}</arg>
<tag>http</tag>
<doc>*Sends a PATCH request to the endpoint.*</doc>
<msg timestamp="20250602 14:21:49.736" level="INFO">${result} = {'seconds': 0.288048, 'status': 204, 'reason': 'No Content', 'body': '', 'headers': {'Date': 'Mon, 02 Jun 2025 14:21:49 GMT', 'Last-Modified': 'Mon, 02 Jun 2025 14:21:49 GMT', 'Cache-Control': 'privat...</msg>
<status status="PASS" starttime="20250602 14:21:49.447" endtime="20250602 14:21:49.736"/>
</kw>
<kw name="Run" library="OperatingSystem">
<var>${acl_cdb}</var>
<arg>echo 'show running-config devices device ${test_device_container} config line template' | ncs_cli -Cu admin</arg>
<doc>Runs the given command in the system and returns the output.</doc>
<msg timestamp="20250602 14:21:49.736" level="INFO">Running command 'echo 'show running-config devices device ciscolive-iosxr-dummy-02 config line template' | ncs_cli -Cu admin 2&gt;&amp;1'.</msg>
<msg timestamp="20250602 14:21:49.804" level="INFO">${acl_cdb} = devices device ciscolive-iosxr-dummy-02
 config
  line template test_vty_01
   access-class ingress vty01
   transport input ssh
   transport output ssh
   exec-timeout 20
   session-timeout 5
  exit
...</msg>
<status status="PASS" starttime="20250602 14:21:49.736" endtime="20250602 14:21:49.804"/>
</kw>
<kw name="Get File" library="OperatingSystem">
<var>${acl_expected}</var>
<arg>expected_change.txt</arg>
<doc>Returns the contents of a specified file.</doc>
<msg timestamp="20250602 14:21:49.804" level="INFO" html="true">Getting file '&lt;a href="file:///nso/run/packages/line-vty-rfs/tests/expected_change.txt"&gt;/nso/run/packages/line-vty-rfs/tests/expected_change.txt&lt;/a&gt;'.</msg>
<msg timestamp="20250602 14:21:49.804" level="INFO">${acl_expected} = devices device ciscolive-iosxr-dummy-02
 config
  line template test_vty_01
   access-class ingress vty01
   transport input ssh
   transport output ssh
   exec-timeout 20
   session-timeout 5
  exit
...</msg>
<status status="PASS" starttime="20250602 14:21:49.804" endtime="20250602 14:21:49.804"/>
</kw>
<kw name="Should Be Equal As Strings" library="BuiltIn">
<arg>${acl_cdb}</arg>
<arg>${acl_expected}</arg>
<doc>Fails if objects are unequal after converting them to strings.</doc>
<status status="PASS" starttime="20250602 14:21:49.805" endtime="20250602 14:21:49.805"/>
</kw>
<doc>Change an existing line-template-vty-router-rfs entry</doc>
<status status="PASS" starttime="20250602 14:21:49.446" endtime="20250602 14:21:49.805"/>
</test>
<doc>This is a very simple Robot test case intended to showcase NSO rfs CRUD interactions
Target package: router-rfs
Target service: line-template-vty-router-rfs</doc>
<status status="PASS" starttime="20250602 14:21:48.823" endtime="20250602 14:21:49.805"/>
</suite>
<statistics>
<total>
<stat pass="2" fail="0" skip="0">All Tests</stat>
</total>
<tag>
</tag>
<suite>
<stat pass="2" fail="0" skip="0" id="s1" name="Line-Vty-Rfs">Line-Vty-Rfs</stat>
</suite>
</statistics>
<errors>
</errors>
</robot>
